#-----------------------------------------------------------
# Vivado v2019.2 (64-bit)
# SW Build 2708876 on Wed Nov  6 21:40:23 MST 2019
# IP Build 2700528 on Thu Nov  7 00:09:20 MST 2019
# Start of session at: Wed Apr  3 18:29:42 2024
# Process ID: 15940
# Current directory: S:/VIVADOPragram/random/project_4
# Command line: vivado.exe -gui_launcher_event rodinguilauncherevent21772 S:\VIVADOPragram\random\project_4\project_4.xpr
# Log file: S:/VIVADOPragram/random/project_4/vivado.log
# Journal file: S:/VIVADOPragram/random/project_4\vivado.jou
#-----------------------------------------------------------
start_gui
open_project S:/VIVADOPragram/random/project_4/project_4.xpr
Scanning sources...
Finished scanning sources
INFO: [IP_Flow 19-234] Refreshing IP repositories
INFO: [IP_Flow 19-1704] No user IP repositories specified
INFO: [IP_Flow 19-2313] Loaded Vivado IP repository 'D:/Xilinx/Vivado/2019.2/data/ip'.
open_project: Time (s): cpu = 00:00:13 ; elapsed = 00:00:12 . Memory (MB): peak = 932.809 ; gain = 194.863
update_compile_order -fileset sources_1
exit
INFO: [Common 17-206] Exiting Vivado at Wed Apr  3 18:30:59 2024...
